<?xml version="1.0" encoding="utf-8"?>
<coverage line-rate="0.8053" branch-rate="0.606" version="1.9" timestamp="1772367125" lines-covered="3351" lines-valid="4161" branches-covered="383" branches-valid="632">
  <sources>
    <source>C:\Portafolio\eventhouse-management-api-demo\</source>
  </sources>
  <packages>
    <package name="EventHouse.Management.Api" line-rate="0.9406" branch-rate="0.8576999999999999" complexity="411">
      <classes>
        <class name="Program" filename="EventHouse.Management.Api\Program.cs" line-rate="0.8521" branch-rate="0.8055" complexity="37">
          <methods>
            <method name="&lt;Main&gt;$" signature="(System.String[])" line-rate="0.9158" branch-rate="0.8055" complexity="36">
              <lines>
                <line number="26" hits="5" branch="False" />
                <line number="31" hits="5" branch="False" />
                <line number="32" hits="5" branch="False" />
                <line number="33" hits="5" branch="False" />
                <line number="34" hits="5" branch="False" />
                <line number="35" hits="5" branch="False" />
                <line number="36" hits="5" branch="False" />
                <line number="37" hits="5" branch="False" />
                <line number="38" hits="5" branch="False" />
                <line number="39" hits="5" branch="False" />
                <line number="40" hits="5" branch="False" />
                <line number="41" hits="5" branch="False" />
                <line number="42" hits="5" branch="False" />
                <line number="43" hits="5" branch="False" />
                <line number="44" hits="10" branch="False" />
                <line number="50" hits="5" branch="False" />
                <line number="51" hits="5" branch="True" condition-coverage="50% (1/2)">
                  <conditions>
                    <condition number="142" type="jump" coverage="50%" />
                  </conditions>
                </line>
                <line number="52" hits="0" branch="False" />
                <line number="53" hits="0" branch="False" />
                <line number="54" hits="0" branch="False" />
                <line number="57" hits="5" branch="False" />
                <line number="58" hits="5" branch="False" />
                <line number="60" hits="5" branch="True" condition-coverage="50% (2/4)">
                  <conditions>
                    <condition number="221" type="jump" coverage="50%" />
                    <condition number="241" type="jump" coverage="50%" />
                  </conditions>
                </line>
                <line number="61" hits="0" branch="False" />
                <line number="62" hits="0" branch="False" />
                <line number="65" hits="5" branch="False" />
                <line number="66" hits="5" branch="False" />
                <line number="67" hits="5" branch="False" />
                <line number="68" hits="5" branch="False" />
                <line number="69" hits="5" branch="False" />
                <line number="70" hits="5" branch="False" />
                <line number="71" hits="5" branch="False" />
                <line number="72" hits="5" branch="False" />
                <line number="73" hits="5" branch="False" />
                <line number="74" hits="5" branch="False" />
                <line number="75" hits="5" branch="False" />
                <line number="76" hits="5" branch="False" />
                <line number="77" hits="5" branch="False" />
                <line number="78" hits="5" branch="False" />
                <line number="79" hits="5" branch="False" />
                <line number="80" hits="5" branch="False" />
                <line number="81" hits="10" branch="False" />
                <line number="83" hits="5" branch="False" />
                <line number="88" hits="5" branch="False" />
                <line number="89" hits="83" branch="False" />
                <line number="90" hits="83" branch="False" />
                <line number="91" hits="5" branch="False" />
                <line number="92" hits="83" branch="True" condition-coverage="100% (2/2)">
                  <conditions>
                    <condition number="48" type="jump" coverage="100%" />
                  </conditions>
                </line>
                <line number="93" hits="83" branch="False" />
                <line number="94" hits="83" branch="False" />
                <line number="95" hits="83" branch="False" />
                <line number="96" hits="83" branch="True" condition-coverage="100% (2/2)">
                  <conditions>
                    <condition number="74" type="jump" coverage="100%" />
                  </conditions>
                </line>
                <line number="97" hits="83" branch="False" />
                <line number="98" hits="88" branch="False" />
                <line number="103" hits="5" branch="False" />
                <line number="104" hits="5" branch="False" />
                <line number="106" hits="5" branch="False" />
                <line number="107" hits="5" branch="False" />
                <line number="113" hits="5" branch="False" />
                <line number="114" hits="5" branch="False" />
                <line number="115" hits="5" branch="False" />
                <line number="116" hits="5" branch="False" />
                <line number="117" hits="5" branch="False" />
                <line number="118" hits="5" branch="False" />
                <line number="119" hits="5" branch="False" />
                <line number="120" hits="5" branch="False" />
                <line number="121" hits="5" branch="False" />
                <line number="122" hits="5" branch="False" />
                <line number="123" hits="5" branch="False" />
                <line number="124" hits="5" branch="False" />
                <line number="125" hits="5" branch="False" />
                <line number="126" hits="5" branch="False" />
                <line number="127" hits="5" branch="False" />
                <line number="128" hits="5" branch="False" />
                <line number="129" hits="5" branch="False" />
                <line number="130" hits="5" branch="False" />
                <line number="131" hits="5" branch="False" />
                <line number="132" hits="5" branch="False" />
                <line number="133" hits="5" branch="False" />
                <line number="134" hits="5" branch="False" />
                <line number="135" hits="5" branch="False" />
                <line number="136" hits="5" branch="False" />
                <line number="137" hits="5" branch="False" />
                <line number="138" hits="5" branch="False" />
                <line number="139" hits="5" branch="False" />
                <line number="140" hits="5" branch="False" />
                <line number="141" hits="5" branch="False" />
                <line number="142" hits="5" branch="False" />
                <line number="143" hits="5" branch="False" />
                <line number="144" hits="5" branch="False" />
                <line number="145" hits="5" branch="False" />
                <line number="146" hits="5" branch="False" />
                <line number="147" hits="5" branch="False" />
                <line number="148" hits="5" branch="False" />
                <line number="149" hits="5" branch="False" />
                <line number="150" hits="5" branch="False" />
                <line number="151" hits="5" branch="False" />
                <line number="152" hits="5" branch="False" />
                <line number="153" hits="5" branch="False" />
                <line number="154" hits="5" branch="False" />
                <line number="155" hits="5" branch="False" />
                <line number="156" hits="5" branch="False" />
                <line number="157" hits="5" branch="False" />
                <line number="158" hits="5" branch="False" />
                <line number="159" hits="5" branch="False" />
                <line number="160" hits="5" branch="True" condition-coverage="100% (2/2)">
                  <conditions>
                    <condition number="337" type="jump" coverage="100%" />
                  </conditions>
                </line>
                <line number="161" hits="5" branch="False" />
                <line number="162" hits="5" branch="False" />
                <line number="163" hits="5" branch="False" />
                <line number="164" hits="5" branch="False" />
                <line number="165" hits="5" branch="False" />
                <line number="166" hits="5" branch="False" />
                <line number="167" hits="5" branch="False" />
                <line number="168" hits="5" branch="False" />
                <line number="169" hits="5" branch="False" />
                <line number="170" hits="10" branch="False" />
                <line number="172" hits="5" branch="False" />
                <line number="174" hits="5" branch="False" />
                <line number="176" hits="5" branch="False" />
                <line number="177" hits="5" branch="False" />
                <line number="178" hits="5" branch="False" />
                <line number="179" hits="5" branch="False" />
                <line number="181" hits="5" branch="False" />
                <line number="182" hits="5" branch="False" />
                <line number="183" hits="5" branch="False" />
                <line number="184" hits="5" branch="False" />
                <line number="185" hits="5" branch="False" />
                <line number="186" hits="5" branch="True" condition-coverage="100% (2/2)">
                  <conditions>
                    <condition number="21" type="jump" coverage="100%" />
                  </conditions>
                </line>
                <line number="187" hits="1" branch="False" />
                <line number="188" hits="1" branch="False" />
                <line number="189" hits="5" branch="False" />
                <line number="190" hits="5" branch="False" />
                <line number="191" hits="1" branch="False" />
                <line number="192" hits="5" branch="False" />
                <line number="193" hits="1" branch="False" />
                <line number="194" hits="1" branch="False" />
                <line number="195" hits="1" branch="False" />
                <line number="196" hits="1" branch="False" />
                <line number="197" hits="1" branch="False" />
                <line number="198" hits="1" branch="False" />
                <line number="199" hits="1" branch="False" />
                <line number="200" hits="1" branch="False" />
                <line number="201" hits="1" branch="False" />
                <line number="202" hits="1" branch="False" />
                <line number="203" hits="5" branch="False" />
                <line number="204" hits="1" branch="False" />
                <line number="205" hits="6" branch="False" />
                <line number="206" hits="5" branch="False" />
                <line number="207" hits="5" branch="False" />
                <line number="208" hits="5" branch="True" condition-coverage="100% (2/2)">
                  <conditions>
                    <condition number="59" type="jump" coverage="100%" />
                  </conditions>
                </line>
                <line number="209" hits="176" branch="False" />
                <line number="210" hits="176" branch="True" condition-coverage="71.42% (10/14)">
                  <conditions>
                    <condition number="8" type="jump" coverage="50%" />
                    <condition number="20" type="jump" coverage="50%" />
                    <condition number="52" type="jump" coverage="100%" />
                    <condition number="71" type="jump" coverage="50%" />
                    <condition number="83" type="jump" coverage="100%" />
                    <condition number="120" type="jump" coverage="50%" />
                    <condition number="132" type="jump" coverage="100%" />
                  </conditions>
                </line>
                <line number="211" hits="176" branch="False" />
                <line number="212" hits="176" branch="False" />
                <line number="213" hits="176" branch="False" />
                <line number="214" hits="5" branch="False" />
                <line number="215" hits="176" branch="True" condition-coverage="100% (2/2)">
                  <conditions>
                    <condition number="154" type="jump" coverage="100%" />
                  </conditions>
                </line>
                <line number="216" hits="176" branch="False" />
                <line number="217" hits="186" branch="False" />
                <line number="218" hits="186" branch="False" />
                <line number="219" hits="186" branch="False" />
                <line number="220" hits="186" branch="False" />
                <line number="221" hits="186" branch="False" />
                <line number="222" hits="186" branch="False" />
                <line number="223" hits="186" branch="False" />
                <line number="224" hits="181" branch="False" />
                <line number="225" hits="10" branch="False" />
                <line number="228" hits="5" branch="False" />
                <line number="256" hits="5" branch="True" condition-coverage="100% (2/2)">
                  <conditions>
                    <condition number="660" type="jump" coverage="100%" />
                  </conditions>
                </line>
                <line number="257" hits="5" branch="False" />
                <line number="258" hits="5" branch="False" />
                <line number="259" hits="5" branch="False" />
                <line number="260" hits="5" branch="False" />
                <line number="261" hits="10" branch="False" />
                <line number="263" hits="5" branch="False" />
                <line number="264" hits="0" branch="False" />
                <line number="265" hits="0" branch="False" />
                <line number="266" hits="5" branch="False" />
                <line number="267" hits="0" branch="False" />
                <line number="268" hits="0" branch="False" />
                <line number="269" hits="5" branch="False" />
                <line number="270" hits="0" branch="False" />
                <line number="271" hits="0" branch="False" />
                <line number="272" hits="0" branch="False" />
                <line number="273" hits="5" branch="False" />
                <line number="274" hits="5" branch="False" />
                <line number="276" hits="5" branch="False" />
                <line number="277" hits="5" branch="False" />
                <line number="278" hits="5" branch="False" />
                <line number="279" hits="5" branch="False" />
                <line number="280" hits="10" branch="False" />
                <line number="283" hits="5" branch="False" />
                <line number="284" hits="5" branch="False" />
                <line number="286" hits="5" branch="False" />
                <line number="287" hits="5" branch="False" />
                <line number="289" hits="5" branch="False" />
                <line number="290" hits="5" branch="False" />
                <line number="291" hits="5" branch="False" />
                <line number="294" hits="5" branch="False" />
                <line number="295" hits="5" branch="False" />
                <line number="296" hits="0" branch="False" />
                <line number="297" hits="5" branch="False" />
                <line number="298" hits="0" branch="False" />
                <line number="299" hits="0" branch="False" />
                <line number="300" hits="0" branch="False" />
                <line number="301" hits="0" branch="False" />
                <line number="302" hits="5" branch="False" />
                <line number="304" hits="5" branch="True" condition-coverage="100% (2/2)">
                  <conditions>
                    <condition number="1006" type="jump" coverage="100%" />
                  </conditions>
                </line>
                <line number="305" hits="5" branch="False" />
                <line number="306" hits="0" branch="False" />
                <line number="307" hits="5" branch="False" />
                <line number="308" hits="5" branch="False" />
                <line number="311" hits="5" branch="False" />
                <line number="313" hits="5" branch="False" />
              </lines>
            </method>
            <method name="&lt;&lt;Main&gt;$&gt;g__WriteHealthResponse|0_6" signature="(Microsoft.AspNetCore.Http.HttpContext,Microsoft.Extensions.Diagnostics.HealthChecks.HealthReport)" line-rate="0" branch-rate="1" complexity="1">
              <lines>
                <line number="234" hits="0" branch="False" />
                <line number="235" hits="0" branch="False" />
                <line number="237" hits="0" branch="False" />
                <line number="238" hits="0" branch="False" />
                <line number="239" hits="0" branch="False" />
                <line number="240" hits="0" branch="False" />
                <line number="241" hits="0" branch="False" />
                <line number="242" hits="0" branch="False" />
                <line number="243" hits="0" branch="False" />
                <line number="244" hits="0" branch="False" />
                <line number="245" hits="0" branch="False" />
                <line number="246" hits="0" branch="False" />
                <line number="247" hits="0" branch="False" />
                <line number="248" hits="0" branch="False" />
                <line number="250" hits="0" branch="False" />
                <line number="251" hits="0" branch="False" />
              </lines>
            </method>
          </methods>
          <lines>
            <line number="26" hits="5" branch="False" />
            <line number="31" hits="5" branch="False" />
            <line number="32" hits="5" branch="False" />
            <line number="33" hits="5" branch="False" />
            <line number="34" hits="5" branch="False" />
            <line number="35" hits="5" branch="False" />
            <line number="36" hits="5" branch="False" />
            <line number="37" hits="5" branch="False" />
            <line number="38" hits="5" branch="False" />
            <line number="39" hits="5" branch="False" />
            <line number="40" hits="5" branch="False" />
            <line number="41" hits="5" branch="False" />
            <line number="42" hits="5" branch="False" />
            <line number="43" hits="5" branch="False" />
            <line number="44" hits="10" branch="False" />
            <line number="50" hits="5" branch="False" />
            <line number="51" hits="5" branch="True" condition-coverage="50% (1/2)">
              <conditions>
                <condition number="142" type="jump" coverage="50%" />
              </conditions>
            </line>
            <line number="52" hits="0" branch="False" />
            <line number="53" hits="0" branch="False" />
            <line number="54" hits="0" branch="False" />
            <line number="57" hits="5" branch="False" />
            <line number="58" hits="5" branch="False" />
            <line number="60" hits="5" branch="True" condition-coverage="50% (2/4)">
              <conditions>
                <condition number="221" type="jump" coverage="50%" />
                <condition number="241" type="jump" coverage="50%" />
              </conditions>
            </line>
            <line number="61" hits="0" branch="False" />
            <line number="62" hits="0" branch="False" />
            <line number="65" hits="5" branch="False" />
            <line number="66" hits="5" branch="False" />
            <line number="67" hits="5" branch="False" />
            <line number="68" hits="5" branch="False" />
            <line number="69" hits="5" branch="False" />
            <line number="70" hits="5" branch="False" />
            <line number="71" hits="5" branch="False" />
            <line number="72" hits="5" branch="False" />
            <line number="73" hits="5" branch="False" />
            <line number="74" hits="5" branch="False" />
            <line number="75" hits="5" branch="False" />
            <line number="76" hits="5" branch="False" />
            <line number="77" hits="5" branch="False" />
            <line number="78" hits="5" branch="False" />
            <line number="79" hits="5" branch="False" />
            <line number="80" hits="5" branch="False" />
            <line number="81" hits="10" branch="False" />
            <line number="83" hits="5" branch="False" />
            <line number="88" hits="5" branch="False" />
            <line number="89" hits="83" branch="False" />
            <line number="90" hits="83" branch="False" />
            <line number="91" hits="5" branch="False" />
            <line number="92" hits="83" branch="True" condition-coverage="100% (2/2)">
              <conditions>
                <condition number="48" type="jump" coverage="100%" />
              </conditions>
            </line>
            <line number="93" hits="83" branch="False" />
            <line number="94" hits="83" branch="False" />
            <line number="95" hits="83" branch="False" />
            <line number="96" hits="83" branch="True" condition-coverage="100% (2/2)">
              <conditions>
                <condition number="74" type="jump" coverage="100%" />
              </conditions>
            </line>
            <line number="97" hits="83" branch="False" />
            <line number="98" hits="88" branch="False" />
            <line number="103" hits="5" branch="False" />
            <line number="104" hits="5" branch="False" />
            <line number="106" hits="5" branch="False" />
            <line number="107" hits="5" branch="False" />
            <line number="113" hits="5" branch="False" />
            <line number="114" hits="5" branch="False" />
            <line number="115" hits="5" branch="False" />
            <line number="116" hits="5" branch="False" />
            <line number="117" hits="5" branch="False" />
            <line number="118" hits="5" branch="False" />
            <line number="119" hits="5" branch="False" />
            <line number="120" hits="5" branch="False" />
            <line number="121" hits="5" branch="False" />
            <line number="122" hits="5" branch="False" />
            <line number="123" hits="5" branch="False" />
            <line number="124" hits="5" branch="False" />
            <line number="125" hits="5" branch="False" />
            <line number="126" hits="5" branch="False" />
            <line number="127" hits="5" branch="False" />
            <line number="128" hits="5" branch="False" />
            <line number="129" hits="5" branch="False" />
            <line number="130" hits="5" branch="False" />
            <line number="131" hits="5" branch="False" />
            <line number="132" hits="5" branch="False" />
            <line number="133" hits="5" branch="False" />
            <line number="134" hits="5" branch="False" />
            <line number="135" hits="5" branch="False" />
            <line number="136" hits="5" branch="False" />
            <line number="137" hits="5" branch="False" />
            <line number="138" hits="5" branch="False" />
            <line number="139" hits="5" branch="False" />
            <line number="140" hits="5" branch="False" />
            <line number="141" hits="5" branch="False" />
            <line number="142" hits="5" branch="False" />
            <line number="143" hits="5" branch="False" />
            <line number="144" hits="5" branch="False" />
            <line number="145" hits="5" branch="False" />
            <line number="146" hits="5" branch="False" />
            <line number="147" hits="5" branch="False" />
            <line number="148" hits="5" branch="False" />
            <line number="149" hits="5" branch="False" />
            <line number="150" hits="5" branch="False" />
            <line number="151" hits="5" branch="False" />
            <line number="152" hits="5" branch="False" />
            <line number="153" hits="5" branch="False" />
            <line number="154" hits="5" branch="False" />
            <line number="155" hits="5" branch="False" />
            <line number="156" hits="5" branch="False" />
            <line number="157" hits="5" branch="False" />
            <line number="158" hits="5" branch="False" />
            <line number="159" hits="5" branch="False" />
            <line number="160" hits="5" branch="True" condition-coverage="100% (2/2)">
              <conditions>
                <condition number="337" type="jump" coverage="100%" />
              </conditions>
            </line>
            <line number="161" hits="5" branch="False" />
            <line number="162" hits="5" branch="False" />
            <line number="163" hits="5" branch="False" />
            <line number="164" hits="5" branch="False" />
            <line number="165" hits="5" branch="False" />
            <line number="166" hits="5" branch="False" />
            <line number="167" hits="5" branch="False" />
            <line number="168" hits="5" branch="False" />
            <line number="169" hits="5" branch="False" />
            <line number="170" hits="10" branch="False" />
            <line number="172" hits="5" branch="False" />
            <line number="174" hits="5" branch="False" />
            <line number="176" hits="5" branch="False" />
            <line number="177" hits="5" branch="False" />
            <line number="178" hits="5" branch="False" />
            <line number="179" hits="5" branch="False" />
            <line number="181" hits="5" branch="False" />
            <line number="182" hits="5" branch="False" />
            <line number="183" hits="5" branch="False" />
            <line number="184" hits="5" branch="False" />
            <line number="185" hits="5" branch="False" />
            <line number="186" hits="5" branch="True" condition-coverage="100% (2/2)">
              <conditions>
                <condition number="21" type="jump" coverage="100%" />
              </conditions>
            </line>
            <line number="187" hits="1" branch="False" />
            <line number="188" hits="1" branch="False" />
            <line number="189" hits="5" branch="False" />
            <line number="190" hits="5" branch="False" />
            <line number="191" hits="1" branch="False" />
            <line number="192" hits="5" branch="False" />
            <line number="193" hits="1" branch="False" />
            <line number="194" hits="1" branch="False" />
            <line number="195" hits="1" branch="False" />
            <line number="196" hits="1" branch="False" />
            <line number="197" hits="1" branch="False" />
            <line number="198" hits="1" branch="False" />
            <line number="199" hits="1" branch="False" />
            <line number="200" hits="1" branch="False" />
            <line number="201" hits="1" branch="False" />
            <line number="202" hits="1" branch="False" />
            <line number="203" hits="5" branch="False" />
            <line number="204" hits="1" branch="False" />
            <line number="205" hits="6" branch="False" />
            <line number="206" hits="5" branch="False" />
            <line number="207" hits="5" branch="False" />
            <line number="208" hits="5" branch="True" condition-coverage="100% (2/2)">
              <conditions>
                <condition number="59" type="jump" coverage="100%" />
              </conditions>
            </line>
            <line number="209" hits="176" branch="False" />
            <line number="210" hits="176" branch="True" condition-coverage="71.42% (10/14)">
              <conditions>
                <condition number="8" type="jump" coverage="50%" />
                <condition number="20" type="jump" coverage="50%" />
                <condition number="52" type="jump" coverage="100%" />
                <condition number="71" type="jump" coverage="50%" />
                <condition number="83" type="jump" coverage="100%" />
                <condition number="120" type="jump" coverage="50%" />
                <condition number="132" type="jump" coverage="100%" />
              </conditions>
            </line>
            <line number="211" hits="176" branch="False" />
            <line number="212" hits="176" branch="False" />
            <line number="213" hits="176" branch="False" />
            <line number="214" hits="5" branch="False" />
            <line number="215" hits="176" branch="True" condition-coverage="100% (2/2)">
              <conditions>
                <condition number="154" type="jump" coverage="100%" />
              </conditions>
            </line>
            <line number="216" hits="176" branch="False" />
            <line number="217" hits="186" branch="False" />
            <line number="218" hits="186" branch="False" />
            <line number="219" hits="186" branch="False" />
            <line number="220" hits="186" branch="False" />
            <line number="221" hits="186" branch="False" />
            <line number="222" hits="186" branch="False" />
            <line number="223" hits="186" branch="False" />
            <line number="224" hits="181" branch="False" />
            <line number="225" hits="10" branch="False" />
            <line number="228" hits="5" branch="False" />
            <line number="256" hits="5" branch="True" condition-coverage="100% (2/2)">
              <conditions>
                <condition number="660" type="jump" coverage="100%" />
              </conditions>
            </line>
            <line number="257" hits="5" branch="False" />
            <line number="258" hits="5" branch="False" />
            <line number="259" hits="5" branch="False" />
            <line number="260" hits="5" branch="False" />
            <line number="261" hits="10" branch="False" />
            <line number="263" hits="5" branch="False" />
            <line number="264" hits="0" branch="False" />
            <line number="265" hits="0" branch="False" />
            <line number="266" hits="5" branch="False" />
            <line number="267" hits="0" branch="False" />
            <line number="268" hits="0" branch="False" />
            <line number="269" hits="5" branch="False" />
            <line number="270" hits="0" branch="False" />
            <line number="271" hits="0" branch="False" />
            <line number="272" hits="0" branch="False" />
            <line number="273" hits="5" branch="False" />
            <line number="274" hits="5" branch="False" />
            <line number="276" hits="5" branch="False" />
            <line number="277" hits="5" branch="False" />
            <line number="278" hits="5" branch="False" />
            <line number="279" hits="5" branch="False" />
            <line number="280" hits="10" branch="False" />
            <line number="283" hits="5" branch="False" />
            <line number="284" hits="5" branch="False" />
            <line number="286" hits="5" branch="False" />
            <line number="287" hits="5" branch="False" />
            <line number="289" hits="5" branch="False" />
            <line number="290" hits="5" branch="False" />
            <line number="291" hits="5" branch="False" />
            <line number="294" hits="5" branch="False" />
            <line number="295" hits="5" branch="False" />
            <line number="296" hits="0" branch="False" />
            <line number="297" hits="5" branch="False" />
            <line number="298" hits="0" branch="False" />
            <line number="299" hits="0" branch="False" />
            <line number="300" hits="0" branch="False" />
            <line number="301" hits="0" branch="False" />
            <line number="302" hits="5" branch="False" />
            <line number="304" hits="5" branch="True" condition-coverage="100% (2/2)">
              <conditions>
                <condition number="1006" type="jump" coverage="100%" />
              </conditions>
            </line>
            <line number="305" hits="5" branch="False" />
            <line number="306" hits="0" branch="False" />
            <line number="307" hits="5" branch="False" />
            <line number="308" hits="5" branch="False" />
            <line number="311" hits="5" branch="False" />
            <line number="313" hits="5" branch="False" />
            <line number="234" hits="0" branch="False" />
            <line number="235" hits="0" branch="False" />
            <line number="237" hits="0" branch="False" />
            <line number="238" hits="0" branch="False" />
            <line number="239" hits="0" branch="False" />
            <line number="240" hits="0" branch="False" />
            <line number="241" hits="0" branch="False" />
            <line number="242" hits="0" branch="False" />
            <line number="243" hits="0" branch="False" />
            <line number="244" hits="0" branch="False" />
            <line number="245" hits="0" branch="False" />
            <line number="246" hits="0" branch="False" />
            <line number="247" hits="0" branch="False" />
            <line number="248" hits="0" branch="False" />
            <line number="250" hits="0" branch="False" />
            <line number="251" hits="0" branch="False" />
          </lines>
        </class>
        <class name="Program/&lt;&gt;c__DisplayClass0_0/&lt;&lt;&lt;Main&gt;$&gt;b__10&gt;d" filename="EventHouse.Management.Api\Program.cs" line-rate="1" branch-rate="0.5" complexity="4">
          <methods />
          <lines />
        </class>
        <class name="EventHouse.Management.Api.Swagger.ProducesCreatedAttribute`1" filename="EventHouse.Management.Api\Swagger\ProducesCreatedAttribute.cs" line-rate="1" branch-rate="1" complexity="1">
          <methods>
            <method name=".ctor" signature="()" line-rate="1" branch-rate="1" complexity="1">
              <lines>
                <line number="9" hits="40" branch="False" />
                <line number="10" hits="40" branch="False" />
                <line number="11" hits="40" branch="False" />
              </lines>
            </method>
          </methods>
          <lines>
            <line number="9" hits="40" branch="False" />
            <line number="10" hits="40" branch="False" />
            <line number="11" hits="40" branch="False" />
          </lines>
        </class>
        <class name="EventHouse.Management.Api.Swagger.ProducesNoContentAttribute" filename="EventHouse.Management.Api\Swagger\ProducesNoContent.cs" line-rate="1" branch-rate="1" complexity="1">
          <methods>
            <method name=".ctor" signature="()" line-rate="1" branch-rate="1" complexity="1">
              <lines>
                <line number="9" hits="120" branch="False" />
                <line number="10" hits="120" branch="False" />
                <line number="11" hits="120" branch="False" />
              </lines>
            </method>
          </methods>
          <lines>
            <line number="9" hits="120" branch="False" />
            <line number="10" hits="120" branch="False" />
            <line number="11" hits="120" branch="False" />
          </lines>
        </class>
        <class name="EventHouse.Management.Api.Swagger.ProducesOkAttribute`1" filename="EventHouse.Management.Api\Swagger\ProducesOkAttribute.cs" line-rate="1" branch-rate="1" complexity="1">
          <methods>
            <method name=".ctor" signature="()" line-rate="1" branch-rate="1" complexity="1">
              <lines>
                <line number="9" hits="90" branch="False" />
                <line number="10" hits="90" branch="False" />
                <line number="11" hits="90" branch="False" />
              </lines>
            </method>
          </methods>
          <lines>
            <line number="9" hits="90" branch="False" />
            <line number="10" hits="90" branch="False" />
            <line number="11" hits="90" branch="False" />
          </lines>
        </class>
        <class name="EventHouse.Management.Api.Swagger.SwaggerJsonRefPatcher" filename="EventHouse.Management.Api\Swagger\SwaggerJsonRefPatcher.cs" line-rate="1" branch-rate="0.875" complexity="51">
          <methods>
            <method name="Patch" signature="(System.String)" line-rate="1" branch-rate="1" complexity="2">
              <lines>
                <line number="9" hits="12" branch="False" />
                <line number="12" hits="12" branch="False" />
                <line number="13" hits="12" branch="False" />
                <line number="14" hits="11" branch="False" />
                <line number="15" hits="1" branch="False" />
                <line number="16" hits="1" branch="False" />
                <line number="17" hits="1" branch="False" />
                <line number="20" hits="12" branch="True" condition-coverage="100% (2/2)">
                  <conditions>
                    <condition number="55" type="jump" coverage="100%" />
                  </conditions>
                </line>
                <line number="22" hits="10" branch="False" />
                <line number="23" hits="10" branch="False" />
                <line number="25" hits="10" branch="False" />
                <line number="26" hits="12" branch="False" />
              </lines>
            </method>
            <method name="EnsureCommonResponses" signature="(System.Text.Json.Nodes.JsonObject)" line-rate="1" branch-rate="1" complexity="4">
              <lines>
                <line number="29" hits="10" branch="False" />
                <line number="30" hits="10" branch="True" condition-coverage="100% (2/2)">
                  <conditions>
                    <condition number="18" type="jump" coverage="100%" />
                  </conditions>
                </line>
                <line number="31" hits="10" branch="False" />
                <line number="33" hits="10" branch="True" condition-coverage="100% (2/2)">
                  <conditions>
                    <condition number="66" type="jump" coverage="100%" />
                  </conditions>
                </line>
                <line number="34" hits="10" branch="False" />
                <line number="36" hits="10" branch="False" />
                <line number="37" hits="10" branch="False" />
                <line number="38" hits="10" branch="False" />
                <line number="39" hits="10" branch="False" />
                <line number="40" hits="10" branch="False" />
                <line number="41" hits="10" branch="False" />
                <line number="42" hits="10" branch="False" />
                <line number="43" hits="10" branch="False" />
                <line number="44" hits="10" branch="False" />
                <line number="47" hits="10" branch="False" />
                <line number="48" hits="10" branch="False" />
                <line number="49" hits="10" branch="False" />
                <line number="50" hits="10" branch="False" />
                <line number="51" hits="10" branch="False" />
                <line number="52" hits="10" branch="False" />
                <line number="53" hits="10" branch="False" />
                <line number="54" hits="10" branch="False" />
                <line number="55" hits="10" branch="False" />
                <line number="57" hits="10" branch="False" />
                <line number="58" hits="10" branch="False" />
                <line number="59" hits="10" branch="False" />
                <line number="60" hits="10" branch="False" />
                <line number="61" hits="10" branch="False" />
                <line number="62" hits="10" branch="False" />
                <line number="63" hits="10" branch="False" />
                <line number="64" hits="10" branch="False" />
                <line number="65" hits="10" branch="False" />
                <line number="67" hits="10" branch="False" />
                <line number="68" hits="10" branch="False" />
                <line number="69" hits="10" branch="False" />
                <line number="70" hits="10" branch="False" />
                <line number="71" hits="10" branch="False" />
                <line number="72" hits="10" branch="False" />
                <line number="73" hits="10" branch="False" />
                <line number="74" hits="10" branch="False" />
                <line number="75" hits="10" branch="False" />
                <line number="77" hits="10" branch="False" />
                <line number="78" hits="10" branch="False" />
                <line number="79" hits="10" branch="False" />
                <line number="80" hits="10" branch="False" />
                <line number="81" hits="10" branch="False" />
                <line number="82" hits="10" branch="False" />
                <line number="83" hits="10" branch="False" />
                <line number="84" hits="10" branch="False" />
                <line number="85" hits="10" branch="False" />
                <line number="88" hits="10" branch="False" />
                <line number="89" hits="10" branch="False" />
                <line number="90" hits="10" branch="False" />
                <line number="91" hits="10" branch="False" />
                <line number="92" hits="10" branch="False" />
                <line number="93" hits="10" branch="False" />
                <line number="94" hits="10" branch="False" />
                <line number="95" hits="10" branch="False" />
                <line number="96" hits="10" branch="False" />
                <line number="97" hits="10" branch="False" />
                <line number="98" hits="10" branch="False" />
                <line number="99" hits="10" branch="False" />
                <line number="100" hits="10" branch="False" />
                <line number="101" hits="10" branch="False" />
                <line number="102" hits="10" branch="False" />
                <line number="103" hits="10" branch="False" />
                <line number="104" hits="10" branch="False" />
                <line number="105" hits="10" branch="False" />
                <line number="106" hits="10" branch="False" />
                <line number="107" hits="10" branch="False" />
                <line number="108" hits="10" branch="False" />
                <line number="109" hits="10" branch="False" />
                <line number="110" hits="10" branch="False" />
                <line number="111" hits="10" branch="False" />
                <line number="112" hits="10" branch="False" />
                <line number="113" hits="10" branch="False" />
                <line number="115" hits="10" branch="False" />
                <line number="116" hits="10" branch="False" />
                <line number="117" hits="10" branch="False" />
                <line number="118" hits="10" branch="False" />
                <line number="119" hits="10" branch="False" />
                <line number="120" hits="10" branch="False" />
                <line number="121" hits="10" branch="False" />
                <line number="122" hits="10" branch="False" />
                <line number="123" hits="10" branch="False" />
                <line number="124" hits="10" branch="False" />
                <line number="125" hits="10" branch="False" />
                <line number="126" hits="10" branch="False" />
                <line number="127" hits="10" branch="False" />
                <line number="128" hits="10" branch="False" />
              </lines>
            </method>
            <method name="ProblemResponse" signature="(System.String,System.String,System.Text.Json.Nodes.JsonObject)" line-rate="1" branch-rate="1" complexity="1">
              <lines>
                <line number="131" hits="50" branch="False" />
                <line number="132" hits="50" branch="False" />
                <line number="133" hits="50" branch="False" />
                <line number="134" hits="50" branch="False" />
                <line number="135" hits="50" branch="False" />
                <line number="136" hits="50" branch="False" />
                <line number="137" hits="50" branch="False" />
                <line number="138" hits="50" branch="False" />
                <line number="139" hits="50" branch="False" />
                <line number="140" hits="50" branch="False" />
                <line number="141" hits="50" branch="False" />
                <line number="142" hits="50" branch="False" />
                <line number="143" hits="50" branch="False" />
                <line number="144" hits="50" branch="False" />
                <line number="145" hits="50" branch="False" />
              </lines>
            </method>
            <method name="ReplaceResponsesWithRefs" signature="(System.Text.Json.Nodes.JsonObject)" line-rate="1" branch-rate="1" complexity="12">
              <lines>
                <line number="148" hits="10" branch="False" />
                <line number="149" hits="12" branch="True" condition-coverage="100% (2/2)">
                  <conditions>
                    <condition number="27" type="jump" coverage="100%" />
                  </conditions>
                </line>
                <line number="151" hits="40" branch="True" condition-coverage="100% (2/2)">
                  <conditions>
                    <condition number="358" type="jump" coverage="100%" />
                  </conditions>
                </line>
                <line number="152" hits="8" branch="False" />
                <line number="153" hits="8" branch="True" condition-coverage="100% (2/2)">
                  <conditions>
                    <condition number="81" type="jump" coverage="100%" />
                  </conditions>
                </line>
                <line number="155" hits="40" branch="True" condition-coverage="100% (2/2)">
                  <conditions>
                    <condition number="331" type="jump" coverage="100%" />
                  </conditions>
                </line>
                <line number="156" hits="8" branch="False" />
                <line number="157" hits="8" branch="True" condition-coverage="100% (2/2)">
                  <conditions>
                    <condition number="139" type="jump" coverage="100%" />
                  </conditions>
                </line>
                <line number="158" hits="8" branch="True" condition-coverage="100% (2/2)">
                  <conditions>
                    <condition number="177" type="jump" coverage="100%" />
                  </conditions>
                </line>
                <line number="160" hits="8" branch="False" />
                <line number="161" hits="8" branch="False" />
                <line number="162" hits="8" branch="False" />
                <line number="165" hits="8" branch="False" />
                <line number="166" hits="8" branch="False" />
                <line number="167" hits="8" branch="False" />
                <line number="169" hits="8" branch="False" />
                <line number="170" hits="8" branch="False" />
                <line number="171" hits="8" branch="False" />
                <line number="172" hits="8" branch="False" />
                <line number="173" hits="10" branch="False" />
              </lines>
            </method>
            <method name="ReplaceIfExists" signature="(System.Text.Json.Nodes.JsonObject,System.String,System.String)" line-rate="1" branch-rate="1" complexity="2">
              <lines>
                <line number="176" hits="48" branch="False" />
                <line number="177" hits="85" branch="True" condition-coverage="100% (2/2)">
                  <conditions>
                    <condition number="13" type="jump" coverage="100%" />
                  </conditions>
                </line>
                <line number="179" hits="11" branch="False" />
                <line number="180" hits="11" branch="False" />
                <line number="181" hits="11" branch="False" />
                <line number="182" hits="11" branch="False" />
                <line number="183" hits="48" branch="False" />
              </lines>
            </method>
            <method name="TooManyRequestsResponse" signature="(System.String,System.Text.Json.Nodes.JsonObject)" line-rate="1" branch-rate="1" complexity="1">
              <lines>
                <line number="186" hits="10" branch="False" />
                <line number="187" hits="10" branch="False" />
                <line number="188" hits="10" branch="False" />
                <line number="189" hits="10" branch="False" />
                <line number="190" hits="10" branch="False" />
                <line number="191" hits="10" branch="False" />
                <line number="192" hits="10" branch="False" />
                <line number="193" hits="10" branch="False" />
                <line number="194" hits="10" branch="False" />
                <line number="195" hits="10" branch="False" />
                <line number="196" hits="10" branch="False" />
                <line number="197" hits="10" branch="False" />
                <line number="198" hits="10" branch="False" />
                <line number="199" hits="10" branch="False" />
                <line number="200" hits="10" branch="False" />
                <line number="201" hits="10" branch="False" />
                <line number="202" hits="10" branch="False" />
                <line number="203" hits="10" branch="False" />
                <line number="204" hits="10" branch="False" />
                <line number="205" hits="10" branch="False" />
                <line number="206" hits="10" branch="False" />
                <line number="207" hits="10" branch="False" />
                <line number="208" hits="10" branch="False" />
              </lines>
            </method>
            <method name="Replace400IfProblemDetails" signature="(System.Text.Json.Nodes.JsonObject,System.String)" line-rate="1" branch-rate="0.7692" complexity="26">
              <lines>
                <line number="211" hits="8" branch="False" />
                <line number="212" hits="8" branch="True" condition-coverage="100% (4/4)">
                  <conditions>
                    <condition number="14" type="jump" coverage="100%" />
                    <condition number="37" type="jump" coverage="100%" />
                  </conditions>
                </line>
                <line number="213" hits="4" branch="False" />
                <line number="216" hits="4" branch="True" condition-coverage="100% (2/2)">
                  <conditions>
                    <condition number="59" type="jump" coverage="100%" />
                  </conditions>
                </line>
                <line number="217" hits="1" branch="False" />
                <line number="220" hits="3" branch="True" condition-coverage="100% (4/4)">
                  <conditions>
                    <condition number="79" type="jump" coverage="100%" />
                    <condition number="102" type="jump" coverage="100%" />
                  </conditions>
                </line>
                <line number="221" hits="1" branch="False" />
                <line number="222" hits="1" branch="False" />
                <line number="223" hits="1" branch="False" />
                <line number="227" hits="2" branch="True" condition-coverage="100% (2/2)">
                  <conditions>
                    <condition number="180" type="jump" coverage="100%" />
                  </conditions>
                </line>
                <line number="228" hits="1" branch="False" />
                <line number="229" hits="1" branch="False" />
                <line number="230" hits="1" branch="False" />
                <line number="234" hits="1" branch="True" condition-coverage="57.14% (8/14)">
                  <conditions>
                    <condition number="256" type="jump" coverage="50%" />
                    <condition number="269" type="jump" coverage="50%" />
                    <condition number="285" type="jump" coverage="50%" />
                    <condition number="298" type="jump" coverage="50%" />
                    <condition number="314" type="jump" coverage="50%" />
                    <condition number="327" type="jump" coverage="50%" />
                    <condition number="354" type="jump" coverage="100%" />
                  </conditions>
                </line>
                <line number="235" hits="1" branch="False" />
                <line number="236" hits="1" branch="False" />
                <line number="237" hits="1" branch="False" />
                <line number="238" hits="1" branch="False" />
                <line number="239" hits="1" branch="False" />
                <line number="240" hits="1" branch="False" />
                <line number="241" hits="1" branch="False" />
                <line number="242" hits="1" branch="False" />
                <line number="243" hits="1" branch="False" />
                <line number="244" hits="8" branch="False" />
              </lines>
            </method>
            <method name="ProblemExample" signature="(System.String,System.String,System.Int32,System.String,System.String)" line-rate="1" branch-rate="1" complexity="1">
              <lines>
                <line number="247" hits="60" branch="False" />
                <line number="248" hits="60" branch="False" />
                <line number="249" hits="60" branch="False" />
                <line number="250" hits="60" branch="False" />
                <line number="251" hits="60" branch="False" />
                <line number="252" hits="60" branch="False" />
                <line number="253" hits="60" branch="False" />
                <line number="254" hits="60" branch="False" />
                <line number="255" hits="60" branch="False" />
              </lines>
            </method>
            <method name="EnsureResponseRef" signature="(System.Text.Json.Nodes.JsonObject,System.String,System.String)" line-rate="1" branch-rate="1" complexity="2">
              <lines>
                <line number="258" hits="8" branch="False" />
                <line number="259" hits="10" branch="True" condition-coverage="100% (2/2)">
                  <conditions>
                    <condition number="10" type="jump" coverage="100%" />
                  </conditions>
                </line>
                <line number="260" hits="6" branch="False" />
                <line number="261" hits="8" branch="False" />
              </lines>
            </method>
          </methods>
          <lines>
            <line number="9" hits="12" branch="False" />
            <line number="12" hits="12" branch="False" />
            <line number="13" hits="12" branch="False" />
            <line number="14" hits="11" branch="False" />
            <line number="15" hits="1" branch="False" />
            <line number="16" hits="1" branch="False" />
            <line number="17" hits="1" branch="False" />
            <line number="20" hits="12" branch="True" condition-coverage="100% (2/2)">
              <conditions>
                <condition number="55" type="jump" coverage="100%" />
              </conditions>
            </line>
            <line number="22" hits="10" branch="False" />
            <line number="23" hits="10" branch="False" />
            <line number="25" hits="10" branch="False" />
            <line number="26" hits="12" branch="False" />
            <line number="29" hits="10" branch="False" />
            <line number="30" hits="10" branch="True" condition-coverage="100% (2/2)">
              <conditions>
                <condition number="18" type="jump" coverage="100%" />
              </conditions>
            </line>
            <line number="31" hits="10" branch="False" />
            <line number="33" hits="10" branch="True" condition-coverage="100% (2/2)">
              <conditions>
                <condition number="66" type="jump" coverage="100%" />
              </conditions>
            </line>
            <line number="34" hits="10" branch="False" />
            <line number="36" hits="10" branch="False" />
            <line number="37" hits="10" branch="False" />
            <line number="38" hits="10" branch="False" />
            <line number="39" hits="10" branch="False" />
            <line number="40" hits="10" branch="False" />
            <line number="41" hits="10" branch="False" />
            <line number="42" hits="10" branch="False" />
            <line number="43" hits="10" branch="False" />
            <line number="44" hits="10" branch="False" />
            <line number="47" hits="10" branch="False" />
            <line number="48" hits="10" branch="False" />
            <line number="49" hits="10" branch="False" />
            <line number="50" hits="10" branch="False" />
            <line number="51" hits="10" branch="False" />
            <line number="52" hits="10" branch="False" />
            <line number="53" hits="10" branch="False" />
            <line number="54" hits="10" branch="False" />
            <line number="55" hits="10" branch="False" />
            <line number="57" hits="10" branch="False" />
            <line number="58" hits="10" branch="False" />
            <line number="59" hits="10" branch="False" />
            <line number="60" hits="10" branch="False" />
            <line number="61" hits="10" branch="False" />
            <line number="62" hits="10" branch="False" />
            <line number="63" hits="10" branch="False" />
            <line number="64" hits="10" branch="False" />
            <line number="65" hits="10" branch="False" />
            <line number="67" hits="10" branch="False" />
            <line number="68" hits="10" branch="False" />
            <line number="69" hits="10" branch="False" />
            <line number="70" hits="10" branch="False" />
            <line number="71" hits="10" branch="False" />
            <line number="72" hits="10" branch="False" />
            <line number="73" hits="10" branch="False" />
            <line number="74" hits="10" branch="False" />
            <line number="75" hits="10" branch="False" />
            <line number="77" hits="10" branch="False" />
            <line number="78" hits="10" branch="False" />
            <line number="79" hits="10" branch="False" />
            <line number="80" hits="10" branch="False" />
            <line number="81" hits="10" branch="False" />
            <line number="82" hits="10" branch="False" />
            <line number="83" hits="10" branch="False" />
            <line number="84" hits="10" branch="False" />
            <line number="85" hits="10" branch="False" />
            <line number="88" hits="10" branch="False" />
            <line number="89" hits="10" branch="False" />
            <line number="90" hits="10" branch="False" />
            <line number="91" hits="10" branch="False" />
            <line number="92" hits="10" branch="False" />
            <line number="93" hits="10" branch="False" />
            <line number="94" hits="10" branch="False" />
            <line number="95" hits="10" branch="False" />
            <line number="96" hits="10" branch="False" />
            <line number="97" hits="10" branch="False" />
            <line number="98" hits="10" branch="False" />
            <line number="99" hits="10" branch="False" />
            <line number="100" hits="10" branch="False" />
            <line number="101" hits="10" branch="False" />
            <line number="102" hits="10" branch="False" />
            <line number="103" hits="10" branch="False" />
            <line number="104" hits="10" branch="False" />
            <line number="105" hits="10" branch="False" />
            <line number="106" hits="10" branch="False" />
            <line number="107" hits="10" branch="False" />
            <line number="108" hits="10" branch="False" />
            <line number="109" hits="10" branch="False" />
            <line number="110" hits="10" branch="False" />
            <line number="111" hits="10" branch="False" />
            <line number="112" hits="10" branch="False" />
            <line number="113" hits="10" branch="False" />
            <line number="115" hits="10" branch="False" />
            <line number="116" hits="10" branch="False" />
            <line number="117" hits="10" branch="False" />
            <line number="118" hits="10" branch="False" />
            <line number="119" hits="10" branch="False" />
            <line number="120" hits="10" branch="False" />
            <line number="121" hits="10" branch="False" />
            <line number="122" hits="10" branch="False" />
            <line number="123" hits="10" branch="False" />
            <line number="124" hits="10" branch="False" />
            <line number="125" hits="10" branch="False" />
            <line number="126" hits="10" branch="False" />
            <line number="127" hits="10" branch="False" />
            <line number="128" hits="10" branch="False" />
            <line number="131" hits="50" branch="False" />
            <line number="132" hits="50" branch="False" />
            <line number="133" hits="50" branch="False" />
            <line number="134" hits="50" branch="False" />
            <line number="135" hits="50" branch="False" />
            <line number="136" hits="50" branch="False" />
            <line number="137" hits="50" branch="False" />
            <line number="138" hits="50" branch="False" />
            <line number="139" hits="50" branch="False" />
            <line number="140" hits="50" branch="False" />
            <line number="141" hits="50" branch="False" />
            <line number="142" hits="50" branch="False" />
            <line number="143" hits="50" branch="False" />
            <line number="144" hits="50" branch="False" />
            <line number="145" hits="50" branch="False" />
            <line number="148" hits="10" branch="False" />
            <line number="149" hits="12" branch="True" condition-coverage="100% (2/2)">
              <conditions>
                <condition number="27" type="jump" coverage="100%" />
              </conditions>
            </line>
            <line number="151" hits="40" branch="True" condition-coverage="100% (2/2)">
              <conditions>
                <condition number="358" type="jump" coverage="100%" />
              </conditions>
            </line>
            <line number="152" hits="8" branch="False" />
            <line number="153" hits="8" branch="True" condition-coverage="100% (2/2)">
              <conditions>
                <condition number="81" type="jump" coverage="100%" />
              </conditions>
            </line>
            <line number="155" hits="40" branch="True" condition-coverage="100% (2/2)">
              <conditions>
                <condition number="331" type="jump" coverage="100%" />
              </conditions>
            </line>
            <line number="156" hits="8" branch="False" />
            <line number="157" hits="8" branch="True" condition-coverage="100% (2/2)">
              <conditions>
                <condition number="139" type="jump" coverage="100%" />
              </conditions>
            </line>
            <line number="158" hits="8" branch="True" condition-coverage="100% (2/2)">
              <conditions>
                <condition number="177" type="jump" coverage="100%" />
              </conditions>
            </line>
            <line number="160" hits="8" branch="False" />
            <line number="161" hits="8" branch="False" />
            <line number="162" hits="8" branch="False" />
            <line number="165" hits="8" branch="False" />
            <line number="166" hits="8" branch="False" />
            <line number="167" hits="8" branch="False" />
            <line number="169" hits="8" branch="False" />
            <line number="170" hits="8" branch="False" />
            <line number="171" hits="8" branch="False" />
            <line number="172" hits="8" branch="False" />
            <line number="173" hits="10" branch="False" />
            <line number="176" hits="48" branch="False" />
            <line number="177" hits="85" branch="True" condition-coverage="100% (2/2)">
              <conditions>
                <condition number="13" type="jump" coverage="100%" />
              </conditions>
            </line>
            <line number="179" hits="11" branch="False" />
            <line number="180" hits="11" branch="False" />
            <line number="181" hits="11" branch="False" />
            <line number="182" hits="11" branch="False" />
            <line number="183" hits="48" branch="False" />
            <line number="186" hits="10" branch="False" />
            <line number="187" hits="10" branch="False" />
            <line number="188" hits="10" branch="False" />
            <line number="189" hits="10" branch="False" />
            <line number="190" hits="10" branch="False" />
            <line number="191" hits="10" branch="False" />
            <line number="192" hits="10" branch="False" />
            <line number="193" hits="10" branch="False" />
            <line number="194" hits="10" branch="False" />
            <line number="195" hits="10" branch="False" />
            <line number="196" hits="10" branch="False" />
            <line number="197" hits="10" branch="False" />
            <line number="198" hits="10" branch="False" />
            <line number="199" hits="10" branch="False" />
            <line number="200" hits="10" branch="False" />
            <line number="201" hits="10" branch="False" />
            <line number="202" hits="10" branch="False" />
            <line number="203" hits="10" branch="False" />
            <line number="204" hits="10" branch="False" />
            <line number="205" hits="10" branch="False" />
            <line number="206" hits="10" branch="False" />
            <line number="207" hits="10" branch="False" />
            <line number="208" hits="10" branch="False" />
            <line number="211" hits="8" branch="False" />
            <line number="212" hits="8" branch="True" condition-coverage="100% (4/4)">
              <conditions>
                <condition number="14" type="jump" coverage="100%" />
                <condition number="37" type="jump" coverage="100%" />
              </conditions>
            </line>
            <line number="213" hits="4" branch="False" />
            <line number="216" hits="4" branch="True" condition-coverage="100% (2/2)">
              <conditions>
                <condition number="59" type="jump" coverage="100%" />
              </conditions>
            </line>
            <line number="217" hits="1" branch="False" />
            <line number="220" hits="3" branch="True" condition-coverage="100% (4/4)">
              <conditions>
                <condition number="79" type="jump" coverage="100%" />
                <condition number="102" type="jump" coverage="100%" />
              </conditions>
            </line>
            <line number="221" hits="1" branch="False" />
            <line number="222" hits="1" branch="False" />
            <line number="223" hits="1" branch="False" />
            <line number="227" hits="2" branch="True" condition-coverage="100% (2/2)">
              <conditions>
                <condition number="180" type="jump" coverage="100%" />
              </conditions>
            </line>
            <line number="228" hits="1" branch="False" />
            <line number="229" hits="1" branch="False" />
            <line number="230" hits="1" branch="False" />
            <line number="234" hits="1" branch="True" condition-coverage="57.14% (8/14)">
              <conditions>
                <condition number="256" type="jump" coverage="50%" />
                <condition number="269" type="jump" coverage="50%" />
                <condition number="285" type="jump" coverage="50%" />
                <condition number="298" type="jump" coverage="50%" />
                <condition number="314" type="jump" coverage="50%" />
                <condition number="327" type="jump" coverage="50%" />
                <condition number="354" type="jump" coverage="100%" />
              </conditions>
            </line>
            <line number="235" hits="1" branch="False" />
            <line number="236" hits="1" branch="False" />
            <line number="237" hits="1" branch="False" />
            <line number="238" hits="1" branch="False" />
            <line number="239" hits="1" branch="False" />
            <line number="240" hits="1" branch="False" />
            <line number="241" hits="1" branch="False" />
            <line number="242" hits="1" branch="False" />
            <line number="243" hits="1" branch="False" />
            <line number="244" hits="8" branch="False" />
            <line number="247" hits="60" branch="False" />
            <line number="248" hits="60" branch="False" />
            <line number="249" hits="60" branch="False" />
            <line number="250" hits="60" branch="False" />
            <line number="251" hits="60" branch="False" />
            <line number="252" hits="60" branch="False" />
            <line number="253" hits="60" branch="False" />
            <line number="254" hits="60" branch="False" />
            <line number="255" hits="60" branch="False" />
            <line number="258" hits="8" branch="False" />
            <line number="259" hits="10" branch="True" condition-coverage="100% (2/2)">
              <conditions>
                <condition number="10" type="jump" coverage="100%" />
              </conditions>
            </line>
            <line number="260" hits="6" branch="False" />
            <line number="261" hits="8" branch="False" />
          </lines>
        </class>
        <class name="EventHouse.Management.Api.Swagger.Filters.CreatedWithLocationDocumentFilter" filename="EventHouse.Management.Api\Swagger\Filters\CreatedWithLocationDocumentFilter.cs" line-rate="1" branch-rate="1" complexity="8">
          <methods>
            <method name="Apply" signature="(Microsoft.OpenApi.Models.OpenApiDocument,Swashbuckle.AspNetCore.SwaggerGen.DocumentFilterContext)" line-rate="1" branch-rate="1" complexity="8">
              <lines>
                <line number="9" hits="4" branch="False" />
                <line number="10" hits="20" branch="True" condition-coverage="100% (2/2)">
                  <conditions>
                    <condition number="223" type="jump" coverage="100%" />
                  </conditions>
                </line>
                <line number="11" hits="4" branch="False" />
                <line number="12" hits="20" branch="True" condition-coverage="100% (2/2)">
                  <conditions>
                    <condition number="197" type="jump" coverage="100%" />
                  </conditions>
                </line>
                <line number="13" hits="4" branch="False" />
                <line number="14" hits="4" branch="True" condition-coverage="100% (2/2)">
                  <conditions>
                    <condition number="86" type="jump" coverage="100%" />
                  </conditions>
                </line>
                <line number="15" hits="3" branch="False" />
                <line number="16" hits="3" branch="True" condition-coverage="100% (2/2)">
                  <conditions>
                    <condition number="100" type="jump" coverage="100%" />
                  </conditions>
                </line>
                <line number="18" hits="3" branch="False" />
                <line number="19" hits="3" branch="False" />
                <line number="20" hits="3" branch="False" />
                <line number="21" hits="3" branch="False" />
                <line number="22" hits="3" branch="False" />
                <line number="23" hits="3" branch="False" />
                <line number="24" hits="3" branch="False" />
                <line number="25" hits="3" branch="False" />
                <line number="26" hits="3" branch="False" />
                <line number="27" hits="3" branch="False" />
                <line number="28" hits="4" branch="False" />
                <line number="29" hits="4" branch="False" />
                <line number="30" hits="4" branch="False" />
              </lines>
            </method>
          </methods>
          <lines>
            <line number="9" hits="4" branch="False" />
            <line number="10" hits="20" branch="True" condition-coverage="100% (2/2)">
              <conditions>
                <condition number="223" type="jump" coverage="100%" />
              </conditions>
            </line>
            <line number="11" hits="4" branch="False" />
            <line number="12" hits="20" branch="True" condition-coverage="100% (2/2)">
              <conditions>
                <condition number="197" type="jump" coverage="100%" />
              </conditions>
            </line>
            <line number="13" hits="4" branch="False" />
            <line number="14" hits="4" branch="True" condition-coverage="100% (2/2)">
              <conditions>
                <condition number="86" type="jump" coverage="100%" />
              </conditions>
            </line>
            <line number="15" hits="3" branch="False" />
            <line number="16" hits="3" branch="True" condition-coverage="100% (2/2)">
              <conditions>
                <condition number="100" type="jump" coverage="100%" />
              </conditions>
            </line>
            <line number="18" hits="3" branch="False" />
            <line number="19" hits="3" branch="False" />
            <line number="20" hits="3" branch="False" />
            <line number="21" hits="3" branch="False" />
            <line number="22" hits="3" branch="False" />
            <line number="23" hits="3" branch="False" />
            <line number="24" hits="3" branch="False" />
            <line number="25" hits="3" branch="False" />
            <line number="26" hits="3" branch="False" />
            <line number="27" hits="3" branch="False" />
            <line number="28" hits="4" branch="False" />
            <line number="29" hits="4" branch="False" />
            <line number="30" hits="4" branch="False" />
          </lines>
        </class>
        <class name="EventHouse.Management.Api.Swagger.Filters.JsonOnlyResponsesOperationFilter" filename="EventHouse.Management.Api\Swagger\Filters\JsonOnlyResponsesOperationFilter.cs" line-rate="0" branch-rate="0" complexity="8">
          <methods>
            <method name="Apply" signature="(Microsoft.OpenApi.Models.OpenApiOperation,Swashbuckle.AspNetCore.SwaggerGen.OperationFilterContext)" line-rate="0" branch-rate="0" complexity="8">
              <lines>
                <line number="9" hits="0" branch="False" />
                <line number="10" hits="0" branch="True" condition-coverage="0% (0/2)">
                  <conditions>
                    <condition number="125" type="jump" coverage="0%" />
                  </conditions>
                </line>
                <line number="11" hits="0" branch="False" />
                <line number="12" hits="0" branch="True" condition-coverage="0% (0/4)">
                  <conditions>
                    <condition number="36" type="jump" coverage="0%" />
                    <condition number="57" type="jump" coverage="0%" />
                  </conditions>
                </line>
                <line number="13" hits="0" branch="False" />
                <line number="15" hits="0" branch="True" condition-coverage="0% (0/2)">
                  <conditions>
                    <condition number="79" type="jump" coverage="0%" />
                  </conditions>
                </line>
                <line number="16" hits="0" branch="False" />
                <line number="17" hits="0" branch="False" />
                <line number="18" hits="0" branch="False" />
                <line number="19" hits="0" branch="False" />
                <line number="20" hits="0" branch="False" />
                <line number="21" hits="0" branch="False" />
              </lines>
            </method>
          </methods>
          <lines>
            <line number="9" hits="0" branch="False" />
            <line number="10" hits="0" branch="True" condition-coverage="0% (0/2)">
              <conditions>
                <condition number="125" type="jump" coverage="0%" />
              </conditions>
            </line>
            <line number="11" hits="0" branch="False" />
            <line number="12" hits="0" branch="True" condition-coverage="0% (0/4)">
              <conditions>
                <condition number="36" type="jump" coverage="0%" />
                <condition number="57" type="jump" coverage="0%" />
              </conditions>
            </line>
            <line number="13" hits="0" branch="False" />
            <line number="15" hits="0" branch="True" condition-coverage="0% (0/2)">
              <conditions>
                <condition number="79" type="jump" coverage="0%" />
              </conditions>
            </line>
            <line number="16" hits="0" branch="False" />
            <line number="17" hits="0" branch="False" />
            <line number="18" hits="0" branch="False" />
            <line number="19" hits="0" branch="False" />
            <line number="20" hits="0" branch="False" />
            <line number="21" hits="0" branch="False" />
          </lines>
        </class>
        <class name="EventHouse.Management.Api.Middlewares.CorrelationIdMiddleware" filename="EventHouse.Management.Api\Middlewares\CorrelationIdMiddleware.cs" line-rate="1" branch-rate="0.5" complexity="2">
          <methods>
            <method name="SerilogOrDefaultScope" signature="(Microsoft.AspNetCore.Http.HttpContext,System.String)" line-rate="1" branch-rate="0.5" complexity="2">
              <lines>
                <line number="33" hits="175" branch="False" />
                <line number="34" hits="175" branch="False" />
                <line number="35" hits="175" branch="False" />
                <line number="36" hits="175" branch="True" condition-coverage="50% (1/2)">
                  <conditions>
                    <condition number="50" type="jump" coverage="50%" />
                  </conditions>
                </line>
                <line number="37" hits="175" branch="False" />
                <line number="38" hits="175" branch="False" />
                <line number="39" hits="175" branch="False" />
                <line number="40" hits="175" branch="False" />
              </lines>
            </method>
          </methods>
          <lines>
            <line number="33" hits="175" branch="False" />
            <line number="34" hits="175" branch="False" />
            <line number="35" hits="175" branch="False" />
            <line number="36" hits="175" branch="True" condition-coverage="50% (1/2)">
              <conditions>
                <condition number="50" type="jump" coverage="50%" />
              </conditions>
            </line>
            <line number="37" hits="175" branch="False" />
            <line number="38" hits="175" branch="False" />
            <line number="39" hits="175" branch="False" />
            <line number="40" hits="175" branch="False" />
          </lines>
        </class>
[...]
              </lines>
            </method>
          </methods>
          <lines>
            <line number="19" hits="1" branch="False" />
            <line number="21" hits="1" branch="False" />
            <line number="23" hits="1" branch="False" />
            <line number="24" hits="1" branch="False" />
            <line number="25" hits="1" branch="False" />
            <line number="26" hits="1" branch="False" />
            <line number="27" hits="1" branch="False" />
            <line number="28" hits="1" branch="False" />
            <line number="29" hits="1" branch="False" />
            <line number="30" hits="1" branch="False" />
            <line number="31" hits="1" branch="False" />
            <line number="32" hits="1" branch="False" />
            <line number="33" hits="1" branch="False" />
            <line number="34" hits="1" branch="False" />
            <line number="35" hits="1" branch="False" />
            <line number="36" hits="1" branch="False" />
            <line number="37" hits="1" branch="False" />
            <line number="38" hits="1" branch="False" />
            <line number="39" hits="1" branch="False" />
            <line number="40" hits="1" branch="False" />
            <line number="41" hits="1" branch="False" />
            <line number="42" hits="1" branch="False" />
            <line number="43" hits="1" branch="False" />
            <line number="44" hits="1" branch="False" />
            <line number="45" hits="1" branch="False" />
            <line number="46" hits="2" branch="False" />
            <line number="47" hits="2" branch="False" />
            <line number="49" hits="1" branch="False" />
            <line number="50" hits="1" branch="False" />
            <line number="51" hits="1" branch="False" />
            <line number="52" hits="1" branch="False" />
            <line number="53" hits="1" branch="False" />
            <line number="54" hits="1" branch="False" />
            <line number="55" hits="1" branch="False" />
            <line number="56" hits="1" branch="False" />
            <line number="57" hits="1" branch="False" />
            <line number="58" hits="1" branch="False" />
            <line number="59" hits="1" branch="False" />
            <line number="60" hits="1" branch="False" />
            <line number="61" hits="1" branch="False" />
            <line number="62" hits="1" branch="False" />
            <line number="63" hits="1" branch="False" />
            <line number="64" hits="1" branch="False" />
            <line number="65" hits="1" branch="False" />
            <line number="66" hits="1" branch="False" />
            <line number="67" hits="1" branch="False" />
            <line number="68" hits="1" branch="False" />
            <line number="69" hits="1" branch="False" />
            <line number="70" hits="1" branch="False" />
            <line number="71" hits="1" branch="False" />
            <line number="72" hits="1" branch="False" />
            <line number="73" hits="1" branch="False" />
            <line number="74" hits="1" branch="False" />
            <line number="75" hits="1" branch="False" />
            <line number="76" hits="1" branch="False" />
            <line number="77" hits="1" branch="False" />
            <line number="78" hits="1" branch="False" />
            <line number="79" hits="1" branch="False" />
            <line number="80" hits="1" branch="False" />
            <line number="81" hits="1" branch="False" />
            <line number="82" hits="1" branch="False" />
            <line number="83" hits="1" branch="False" />
            <line number="84" hits="1" branch="False" />
            <line number="85" hits="2" branch="False" />
            <line number="86" hits="2" branch="False" />
            <line number="88" hits="1" branch="False" />
            <line number="89" hits="1" branch="False" />
            <line number="90" hits="1" branch="False" />
            <line number="91" hits="1" branch="False" />
            <line number="92" hits="1" branch="False" />
            <line number="93" hits="1" branch="False" />
            <line number="94" hits="1" branch="False" />
            <line number="95" hits="1" branch="False" />
            <line number="96" hits="1" branch="False" />
            <line number="97" hits="1" branch="False" />
            <line number="98" hits="1" branch="False" />
            <line number="99" hits="1" branch="False" />
            <line number="100" hits="1" branch="False" />
            <line number="101" hits="1" branch="False" />
            <line number="102" hits="1" branch="False" />
            <line number="103" hits="1" branch="False" />
            <line number="104" hits="1" branch="False" />
            <line number="105" hits="1" branch="False" />
            <line number="106" hits="1" branch="False" />
            <line number="107" hits="1" branch="False" />
            <line number="108" hits="1" branch="False" />
            <line number="109" hits="1" branch="False" />
            <line number="110" hits="1" branch="False" />
            <line number="111" hits="1" branch="False" />
            <line number="112" hits="1" branch="False" />
            <line number="113" hits="1" branch="False" />
            <line number="114" hits="1" branch="False" />
            <line number="115" hits="1" branch="False" />
            <line number="116" hits="1" branch="False" />
            <line number="117" hits="2" branch="False" />
            <line number="118" hits="2" branch="False" />
            <line number="120" hits="1" branch="False" />
            <line number="121" hits="1" branch="False" />
            <line number="122" hits="1" branch="False" />
            <line number="123" hits="1" branch="False" />
            <line number="124" hits="1" branch="False" />
            <line number="125" hits="1" branch="False" />
            <line number="126" hits="1" branch="False" />
            <line number="127" hits="1" branch="False" />
            <line number="128" hits="1" branch="False" />
            <line number="129" hits="1" branch="False" />
            <line number="130" hits="1" branch="False" />
            <line number="131" hits="1" branch="False" />
            <line number="132" hits="1" branch="False" />
            <line number="133" hits="1" branch="False" />
            <line number="134" hits="1" branch="False" />
            <line number="135" hits="1" branch="False" />
            <line number="136" hits="1" branch="False" />
            <line number="137" hits="1" branch="False" />
            <line number="138" hits="1" branch="False" />
            <line number="139" hits="1" branch="False" />
            <line number="140" hits="2" branch="False" />
            <line number="141" hits="2" branch="False" />
            <line number="143" hits="1" branch="False" />
            <line number="144" hits="1" branch="False" />
            <line number="145" hits="1" branch="False" />
            <line number="146" hits="1" branch="False" />
            <line number="147" hits="1" branch="False" />
            <line number="148" hits="1" branch="False" />
            <line number="149" hits="1" branch="False" />
            <line number="150" hits="1" branch="False" />
            <line number="151" hits="1" branch="False" />
            <line number="152" hits="1" branch="False" />
            <line number="153" hits="1" branch="False" />
            <line number="154" hits="1" branch="False" />
            <line number="155" hits="1" branch="False" />
            <line number="156" hits="1" branch="False" />
            <line number="157" hits="1" branch="False" />
            <line number="158" hits="1" branch="False" />
            <line number="159" hits="1" branch="False" />
            <line number="160" hits="1" branch="False" />
            <line number="161" hits="1" branch="False" />
            <line number="162" hits="1" branch="False" />
            <line number="163" hits="1" branch="False" />
            <line number="164" hits="1" branch="False" />
            <line number="165" hits="1" branch="False" />
            <line number="166" hits="1" branch="False" />
            <line number="167" hits="1" branch="False" />
            <line number="168" hits="1" branch="False" />
            <line number="169" hits="1" branch="False" />
            <line number="170" hits="1" branch="False" />
            <line number="171" hits="1" branch="False" />
            <line number="172" hits="1" branch="False" />
            <line number="173" hits="1" branch="False" />
            <line number="174" hits="1" branch="False" />
            <line number="175" hits="1" branch="False" />
            <line number="176" hits="1" branch="False" />
            <line number="177" hits="1" branch="False" />
            <line number="178" hits="1" branch="False" />
            <line number="179" hits="1" branch="False" />
            <line number="180" hits="1" branch="False" />
            <line number="181" hits="1" branch="False" />
            <line number="182" hits="1" branch="False" />
            <line number="183" hits="1" branch="False" />
            <line number="184" hits="1" branch="False" />
            <line number="185" hits="1" branch="False" />
            <line number="186" hits="1" branch="False" />
            <line number="187" hits="1" branch="False" />
            <line number="188" hits="1" branch="False" />
            <line number="189" hits="1" branch="False" />
            <line number="190" hits="1" branch="False" />
            <line number="191" hits="1" branch="False" />
            <line number="192" hits="1" branch="False" />
            <line number="193" hits="1" branch="False" />
            <line number="194" hits="1" branch="False" />
            <line number="195" hits="1" branch="False" />
            <line number="196" hits="1" branch="False" />
            <line number="197" hits="1" branch="False" />
            <line number="198" hits="1" branch="False" />
            <line number="199" hits="1" branch="False" />
            <line number="200" hits="1" branch="False" />
            <line number="201" hits="1" branch="False" />
            <line number="202" hits="2" branch="False" />
            <line number="204" hits="1" branch="False" />
            <line number="205" hits="1" branch="False" />
            <line number="206" hits="1" branch="False" />
            <line number="207" hits="1" branch="False" />
            <line number="208" hits="1" branch="False" />
            <line number="209" hits="1" branch="False" />
            <line number="210" hits="1" branch="False" />
            <line number="211" hits="1" branch="False" />
            <line number="212" hits="1" branch="False" />
            <line number="213" hits="1" branch="False" />
            <line number="214" hits="1" branch="False" />
            <line number="215" hits="1" branch="False" />
            <line number="216" hits="1" branch="False" />
            <line number="217" hits="2" branch="False" />
            <line number="219" hits="1" branch="False" />
            <line number="220" hits="1" branch="False" />
            <line number="221" hits="1" branch="False" />
            <line number="222" hits="2" branch="False" />
            <line number="224" hits="1" branch="False" />
          </lines>
        </class>
        <class name="EventHouse.Management.Infrastructure.DependencyInjection.DependencyInjection" filename="EventHouse.Management.Infrastructure\DependencyInjection\DependencyInjection.cs" line-rate="1" branch-rate="1" complexity="1">
          <methods>
            <method name="AddInfrastructure" signature="(Microsoft.Extensions.DependencyInjection.IServiceCollection,Microsoft.Extensions.Configuration.IConfiguration)" line-rate="1" branch-rate="1" complexity="1">
              <lines>
                <line number="11" hits="5" branch="False" />
                <line number="12" hits="5" branch="False" />
                <line number="13" hits="5" branch="False" />
                <line number="14" hits="5" branch="False" />
                <line number="15" hits="5" branch="False" />
                <line number="17" hits="5" branch="False" />
                <line number="18" hits="5" branch="False" />
              </lines>
            </method>
          </methods>
          <lines>
            <line number="11" hits="5" branch="False" />
            <line number="12" hits="5" branch="False" />
            <line number="13" hits="5" branch="False" />
            <line number="14" hits="5" branch="False" />
            <line number="15" hits="5" branch="False" />
            <line number="17" hits="5" branch="False" />
            <line number="18" hits="5" branch="False" />
          </lines>
        </class>
      </classes>
    </package>
    <package name="EventHouse.ShareKernel" line-rate="0.5" branch-rate="0.3333" complexity="21">
      <classes>
        <class name="EventHouse.ShareKernel.Entities.Entity" filename="EventHouse.ShareKernel\Entities\Entity.cs" line-rate="0.5" branch-rate="0.3333" complexity="21">
          <methods>
            <method name="get_Id" signature="()" line-rate="1" branch-rate="1" complexity="1">
              <lines>
                <line number="5" hits="116" branch="False" />
              </lines>
            </method>
            <method name="Equals" signature="(EventHouse.ShareKernel.Entities.Entity)" line-rate="0" branch-rate="0" complexity="6">
              <lines>
                <line number="8" hits="0" branch="False" />
                <line number="9" hits="0" branch="True" condition-coverage="0% (0/2)">
                  <conditions>
                    <condition number="7" type="jump" coverage="0%" />
                  </conditions>
                </line>
                <line number="10" hits="0" branch="True" condition-coverage="0% (0/2)">
                  <conditions>
                    <condition number="19" type="jump" coverage="0%" />
                  </conditions>
                </line>
                <line number="11" hits="0" branch="True" condition-coverage="0% (0/2)">
                  <conditions>
                    <condition number="44" type="jump" coverage="0%" />
                  </conditions>
                </line>
                <line number="13" hits="0" branch="False" />
                <line number="14" hits="0" branch="False" />
              </lines>
            </method>
            <method name="Equals" signature="(System.Object)" line-rate="0.6666" branch-rate="0.3333" complexity="6">
              <lines>
                <line number="17" hits="1" branch="False" />
                <line number="18" hits="1" branch="True" condition-coverage="50% (1/2)">
                  <conditions>
                    <condition number="7" type="jump" coverage="50%" />
                  </conditions>
                </line>
                <line number="19" hits="2" branch="True" condition-coverage="50% (1/2)">
                  <conditions>
                    <condition number="19" type="jump" coverage="50%" />
                  </conditions>
                </line>
                <line number="20" hits="0" branch="True" condition-coverage="0% (0/2)">
                  <conditions>
                    <condition number="44" type="jump" coverage="0%" />
                  </conditions>
                </line>
                <line number="22" hits="0" branch="False" />
                <line number="23" hits="1" branch="False" />
              </lines>
            </method>
            <method name="op_Equality" signature="(EventHouse.ShareKernel.Entities.Entity,EventHouse.ShareKernel.Entities.Entity)" line-rate="0.8" branch-rate="0.6666" complexity="6">
              <lines>
                <line number="26" hits="2" branch="False" />
                <line number="27" hits="3" branch="True" condition-coverage="100% (2/2)">
                  <conditions>
                    <condition number="7" type="jump" coverage="100%" />
                  </conditions>
                </line>
                <line number="28" hits="2" branch="True" condition-coverage="50% (2/4)">
                  <conditions>
                    <condition number="14" type="jump" coverage="50%" />
                    <condition number="25" type="jump" coverage="50%" />
                  </conditions>
                </line>
                <line number="30" hits="0" branch="False" />
                <line number="31" hits="2" branch="False" />
              </lines>
            </method>
            <method name="op_Inequality" signature="(EventHouse.ShareKernel.Entities.Entity,EventHouse.ShareKernel.Entities.Entity)" line-rate="1" branch-rate="1" complexity="1">
              <lines>
                <line number="34" hits="1" branch="False" />
              </lines>
            </method>
            <method name="GetHashCode" signature="()" line-rate="0" branch-rate="1" complexity="1">
              <lines>
                <line number="37" hits="0" branch="False" />
              </lines>
            </method>
          </methods>
          <lines>
            <line number="5" hits="116" branch="False" />
            <line number="8" hits="0" branch="False" />
            <line number="9" hits="0" branch="True" condition-coverage="0% (0/2)">
              <conditions>
                <condition number="7" type="jump" coverage="0%" />
              </conditions>
            </line>
            <line number="10" hits="0" branch="True" condition-coverage="0% (0/2)">
              <conditions>
                <condition number="19" type="jump" coverage="0%" />
              </conditions>
            </line>
            <line number="11" hits="0" branch="True" condition-coverage="0% (0/2)">
              <conditions>
                <condition number="44" type="jump" coverage="0%" />
              </conditions>
            </line>
            <line number="13" hits="0" branch="False" />
            <line number="14" hits="0" branch="False" />
            <line number="17" hits="1" branch="False" />
            <line number="18" hits="1" branch="True" condition-coverage="50% (1/2)">
              <conditions>
                <condition number="7" type="jump" coverage="50%" />
              </conditions>
            </line>
            <line number="19" hits="2" branch="True" condition-coverage="50% (1/2)">
              <conditions>
                <condition number="19" type="jump" coverage="50%" />
              </conditions>
            </line>
            <line number="20" hits="0" branch="True" condition-coverage="0% (0/2)">
              <conditions>
                <condition number="44" type="jump" coverage="0%" />
              </conditions>
            </line>
            <line number="22" hits="0" branch="False" />
            <line number="23" hits="1" branch="False" />
            <line number="26" hits="2" branch="False" />
            <line number="27" hits="3" branch="True" condition-coverage="100% (2/2)">
              <conditions>
                <condition number="7" type="jump" coverage="100%" />
              </conditions>
            </line>
            <line number="28" hits="2" branch="True" condition-coverage="50% (2/4)">
              <conditions>
                <condition number="14" type="jump" coverage="50%" />
                <condition number="25" type="jump" coverage="50%" />
              </conditions>
            </line>
            <line number="30" hits="0" branch="False" />
            <line number="31" hits="2" branch="False" />
            <line number="34" hits="1" branch="False" />
            <line number="37" hits="0" branch="False" />
          </lines>
        </class>
      </classes>
    </package>
  </packages>
</coverage>